<?xml version="1.0" encoding="UTF-8"?>
<!-- Generated by org.testng.reporters.JUnitXMLReporter -->
<testsuite hostname="DESKTOP-F4PMV4Q" name="Test" tests="5" failures="1" timestamp="17 Jun 2022 12:47:50 GMT" time="26.79" errors="0">
  <testcase name="login" time="0.267" classname="com.flipkart.stepdefinition.TvPurchase"/>
  <testcase name="search" time="1.857" classname="com.flipkart.stepdefinition.TvPurchase"/>
  <testcase name="windows" time="0.036" classname="com.flipkart.stepdefinition.TvPurchase"/>
  <testcase name="addToCart" time="3.126" classname="com.flipkart.stepdefinition.TvPurchase">
    <skipped/>
  </testcase> <!-- addToCart -->
  <testcase name="addToCart" time="0.162" classname="com.flipkart.stepdefinition.TvPurchase">
    <failure type="java.lang.AssertionError" message="expected [BUY NOW] but found [BUY]">
      <![CDATA[java.lang.AssertionError: expected [BUY NOW] but found [BUY]
	at com.flipkart.stepdefinition.TvPurchase.addToCart(TvPurchase.java:162)
... Removed 31 stack frames]]>
    </failure>
  </testcase> <!-- addToCart -->
</testsuite> <!-- Test -->
