<?xml version="1.0" encoding="UTF-8"?>
<testng-results skipped="1" failed="1" total="5" passed="3">
  <reporter-output>
  </reporter-output>
  <suite name="Suite" duration-ms="26790" started-at="2022-06-17T12:47:23Z" finished-at="2022-06-17T12:47:50Z">
    <groups>
      <group name="sanity">
        <method signature="TvPurchase.login()[pri:1, instance:com.flipkart.stepdefinition.TvPurchase@5e5792a0]" name="login" class="com.flipkart.stepdefinition.TvPurchase"/>
      </group> <!-- sanity -->
    </groups>
    <test name="Test" duration-ms="26790" started-at="2022-06-17T12:47:23Z" finished-at="2022-06-17T12:47:50Z">
      <class name="com.flipkart.stepdefinition.TvPurchase">
        <test-method status="PASS" signature="launch(java.lang.String)[pri:0, instance:com.flipkart.stepdefinition.TvPurchase@5e5792a0]" name="launch" is-config="true" duration-ms="20221" started-at="2022-06-17T20:47:23Z" finished-at="2022-06-17T20:47:44Z">
          <params>
            <param index="0">
              <value>
                <![CDATA[chrome]]>
              </value>
            </param>
          </params>
          <reporter-output>
          </reporter-output>
        </test-method> <!-- launch -->
        <test-method status="PASS" signature="beforeMethod()[pri:0, instance:com.flipkart.stepdefinition.TvPurchase@5e5792a0]" name="beforeMethod" is-config="true" duration-ms="0" started-at="2022-06-17T20:47:44Z" finished-at="2022-06-17T20:47:44Z">
          <reporter-output>
          </reporter-output>
        </test-method> <!-- beforeMethod -->
        <test-method status="PASS" signature="login()[pri:1, instance:com.flipkart.stepdefinition.TvPurchase@5e5792a0]" name="login" duration-ms="267" started-at="2022-06-17T20:47:44Z" finished-at="2022-06-17T20:47:44Z">
          <reporter-output>
          </reporter-output>
        </test-method> <!-- login -->
        <test-method status="PASS" signature="afterMethod()[pri:0, instance:com.flipkart.stepdefinition.TvPurchase@5e5792a0]" name="afterMethod" is-config="true" duration-ms="1" started-at="2022-06-17T20:47:44Z" finished-at="2022-06-17T20:47:44Z">
          <reporter-output>
          </reporter-output>
        </test-method> <!-- afterMethod -->
        <test-method status="PASS" signature="search(java.lang.String)[pri:2, instance:com.flipkart.stepdefinition.TvPurchase@5e5792a0]" name="search" duration-ms="1857" started-at="2022-06-17T20:47:44Z" data-provider="tv" finished-at="2022-06-17T20:47:46Z">
          <params>
            <param index="0">
              <value>
                <![CDATA[SAMSUNG tv]]>
              </value>
            </param>
          </params>
          <reporter-output>
          </reporter-output>
        </test-method> <!-- search -->
        <test-method status="PASS" signature="beforeMethod()[pri:0, instance:com.flipkart.stepdefinition.TvPurchase@5e5792a0]" name="beforeMethod" is-config="true" duration-ms="0" started-at="2022-06-17T20:47:44Z" finished-at="2022-06-17T20:47:44Z">
          <reporter-output>
          </reporter-output>
        </test-method> <!-- beforeMethod -->
        <test-method status="PASS" signature="afterMethod()[pri:0, instance:com.flipkart.stepdefinition.TvPurchase@5e5792a0]" name="afterMethod" is-config="true" duration-ms="0" started-at="2022-06-17T20:47:46Z" finished-at="2022-06-17T20:47:46Z">
          <reporter-output>
          </reporter-output>
        </test-method> <!-- afterMethod -->
        <test-method status="PASS" signature="beforeMethod()[pri:0, instance:com.flipkart.stepdefinition.TvPurchase@5e5792a0]" name="beforeMethod" is-config="true" duration-ms="1" started-at="2022-06-17T20:47:46Z" finished-at="2022-06-17T20:47:46Z">
          <reporter-output>
          </reporter-output>
        </test-method> <!-- beforeMethod -->
        <test-method status="PASS" signature="windows()[pri:3, instance:com.flipkart.stepdefinition.TvPurchase@5e5792a0]" name="windows" duration-ms="36" started-at="2022-06-17T20:47:46Z" finished-at="2022-06-17T20:47:46Z">
          <reporter-output>
          </reporter-output>
        </test-method> <!-- windows -->
        <test-method status="PASS" signature="afterMethod()[pri:0, instance:com.flipkart.stepdefinition.TvPurchase@5e5792a0]" name="afterMethod" is-config="true" duration-ms="1" started-at="2022-06-17T20:47:46Z" finished-at="2022-06-17T20:47:46Z">
          <reporter-output>
          </reporter-output>
        </test-method> <!-- afterMethod -->
        <test-method status="SKIP" signature="addToCart()[pri:4, instance:com.flipkart.stepdefinition.TvPurchase@5e5792a0]" name="addToCart" duration-ms="3126" started-at="2022-06-17T20:47:46Z" finished-at="2022-06-17T20:47:49Z">
          <exception class="java.lang.AssertionError">
            <message>
              <![CDATA[expected [BUY NOW] but found [BUY]]]>
            </message>
            <full-stacktrace>
              <![CDATA[java.lang.AssertionError: expected [BUY NOW] but found [BUY]
	at org.testng.Assert.fail(Assert.java:94)
	at org.testng.Assert.failNotEquals(Assert.java:513)
	at org.testng.Assert.assertEqualsImpl(Assert.java:135)
	at org.testng.Assert.assertEquals(Assert.java:116)
	at org.testng.Assert.assertEquals(Assert.java:190)
	at org.testng.Assert.assertEquals(Assert.java:200)
	at com.flipkart.stepdefinition.TvPurchase.addToCart(TvPurchase.java:162)
	at sun.reflect.NativeMethodAccessorImpl.invoke0(Native Method)
	at sun.reflect.NativeMethodAccessorImpl.invoke(Unknown Source)
	at sun.reflect.DelegatingMethodAccessorImpl.invoke(Unknown Source)
	at java.lang.reflect.Method.invoke(Unknown Source)
	at org.testng.internal.MethodInvocationHelper.invokeMethod(MethodInvocationHelper.java:100)
	at org.testng.internal.Invoker.invokeMethod(Invoker.java:646)
	at org.testng.internal.Invoker.invokeTestMethod(Invoker.java:811)
	at org.testng.internal.Invoker.invokeTestMethods(Invoker.java:1129)
	at org.testng.internal.TestMethodWorker.invokeTestMethods(TestMethodWorker.java:129)
	at org.testng.internal.TestMethodWorker.run(TestMethodWorker.java:112)
	at org.testng.TestRunner.privateRun(TestRunner.java:746)
	at org.testng.TestRunner.run(TestRunner.java:600)
	at org.testng.SuiteRunner.runTest(SuiteRunner.java:366)
	at org.testng.SuiteRunner.runSequentially(SuiteRunner.java:361)
	at org.testng.SuiteRunner.privateRun(SuiteRunner.java:319)
	at org.testng.SuiteRunner.run(SuiteRunner.java:268)
	at org.testng.SuiteRunnerWorker.runSuite(SuiteRunnerWorker.java:52)
	at org.testng.SuiteRunnerWorker.run(SuiteRunnerWorker.java:86)
	at org.testng.TestNG.runSuitesSequentially(TestNG.java:1264)
	at org.testng.TestNG.runSuitesLocally(TestNG.java:1189)
	at org.testng.TestNG.runSuites(TestNG.java:1104)
	at org.testng.TestNG.run(TestNG.java:1076)
	at org.testng.remote.AbstractRemoteTestNG.run(AbstractRemoteTestNG.java:126)
	at org.testng.remote.RemoteTestNG.initAndRun(RemoteTestNG.java:152)
	at org.testng.remote.RemoteTestNG.main(RemoteTestNG.java:57)
]]>
            </full-stacktrace>
          </exception> <!-- java.lang.AssertionError -->
          <reporter-output>
          </reporter-output>
        </test-method> <!-- addToCart -->
        <test-method status="PASS" signature="beforeMethod()[pri:0, instance:com.flipkart.stepdefinition.TvPurchase@5e5792a0]" name="beforeMethod" is-config="true" duration-ms="0" started-at="2022-06-17T20:47:46Z" finished-at="2022-06-17T20:47:46Z">
          <reporter-output>
          </reporter-output>
        </test-method> <!-- beforeMethod -->
        <test-method status="PASS" signature="afterMethod()[pri:0, instance:com.flipkart.stepdefinition.TvPurchase@5e5792a0]" name="afterMethod" is-config="true" duration-ms="1" started-at="2022-06-17T20:47:49Z" finished-at="2022-06-17T20:47:49Z">
          <reporter-output>
          </reporter-output>
        </test-method> <!-- afterMethod -->
        <test-method status="PASS" signature="beforeMethod()[pri:0, instance:com.flipkart.stepdefinition.TvPurchase@5e5792a0]" name="beforeMethod" is-config="true" duration-ms="0" started-at="2022-06-17T20:47:49Z" finished-at="2022-06-17T20:47:49Z">
          <reporter-output>
          </reporter-output>
        </test-method> <!-- beforeMethod -->
        <test-method status="FAIL" signature="addToCart()[pri:4, instance:com.flipkart.stepdefinition.TvPurchase@5e5792a0]" name="addToCart" duration-ms="162" started-at="2022-06-17T20:47:49Z" finished-at="2022-06-17T20:47:49Z">
          <exception class="java.lang.AssertionError">
            <message>
              <![CDATA[expected [BUY NOW] but found [BUY]]]>
            </message>
            <full-stacktrace>
              <![CDATA[java.lang.AssertionError: expected [BUY NOW] but found [BUY]
	at org.testng.Assert.fail(Assert.java:94)
	at org.testng.Assert.failNotEquals(Assert.java:513)
	at org.testng.Assert.assertEqualsImpl(Assert.java:135)
	at org.testng.Assert.assertEquals(Assert.java:116)
	at org.testng.Assert.assertEquals(Assert.java:190)
	at org.testng.Assert.assertEquals(Assert.java:200)
	at com.flipkart.stepdefinition.TvPurchase.addToCart(TvPurchase.java:162)
	at sun.reflect.NativeMethodAccessorImpl.invoke0(Native Method)
	at sun.reflect.NativeMethodAccessorImpl.invoke(Unknown Source)
	at sun.reflect.DelegatingMethodAccessorImpl.invoke(Unknown Source)
	at java.lang.reflect.Method.invoke(Unknown Source)
	at org.testng.internal.MethodInvocationHelper.invokeMethod(MethodInvocationHelper.java:100)
	at org.testng.internal.Invoker.invokeMethod(Invoker.java:646)
	at org.testng.internal.Invoker.retryFailed(Invoker.java:958)
	at org.testng.internal.Invoker.invokeTestMethods(Invoker.java:1147)
	at org.testng.internal.TestMethodWorker.invokeTestMethods(TestMethodWorker.java:129)
	at org.testng.internal.TestMethodWorker.run(TestMethodWorker.java:112)
	at org.testng.TestRunner.privateRun(TestRunner.java:746)
	at org.testng.TestRunner.run(TestRunner.java:600)
	at org.testng.SuiteRunner.runTest(SuiteRunner.java:366)
	at org.testng.SuiteRunner.runSequentially(SuiteRunner.java:361)
	at org.testng.SuiteRunner.privateRun(SuiteRunner.java:319)
	at org.testng.SuiteRunner.run(SuiteRunner.java:268)
	at org.testng.SuiteRunnerWorker.runSuite(SuiteRunnerWorker.java:52)
	at org.testng.SuiteRunnerWorker.run(SuiteRunnerWorker.java:86)
	at org.testng.TestNG.runSuitesSequentially(TestNG.java:1264)
	at org.testng.TestNG.runSuitesLocally(TestNG.java:1189)
	at org.testng.TestNG.runSuites(TestNG.java:1104)
	at org.testng.TestNG.run(TestNG.java:1076)
	at org.testng.remote.AbstractRemoteTestNG.run(AbstractRemoteTestNG.java:126)
	at org.testng.remote.RemoteTestNG.initAndRun(RemoteTestNG.java:152)
	at org.testng.remote.RemoteTestNG.main(RemoteTestNG.java:57)
]]>
            </full-stacktrace>
          </exception> <!-- java.lang.AssertionError -->
          <reporter-output>
          </reporter-output>
        </test-method> <!-- addToCart -->
        <test-method status="PASS" signature="afterMethod()[pri:0, instance:com.flipkart.stepdefinition.TvPurchase@5e5792a0]" name="afterMethod" is-config="true" duration-ms="0" started-at="2022-06-17T20:47:49Z" finished-at="2022-06-17T20:47:49Z">
          <reporter-output>
          </reporter-output>
        </test-method> <!-- afterMethod -->
        <test-method status="PASS" signature="quit()[pri:0, instance:com.flipkart.stepdefinition.TvPurchase@5e5792a0]" name="quit" is-config="true" duration-ms="1058" started-at="2022-06-17T20:47:49Z" finished-at="2022-06-17T20:47:50Z">
          <reporter-output>
          </reporter-output>
        </test-method> <!-- quit -->
      </class> <!-- com.flipkart.stepdefinition.TvPurchase -->
    </test> <!-- Test -->
  </suite> <!-- Suite -->
</testng-results>
